<?xml version="1.0" encoding="UTF-8"?>
<testsuite xmlns:xsi="http://www.w3.org/2001/XMLSchema-instance" xsi:noNamespaceSchemaLocation="https://maven.apache.org/surefire/maven-surefire-plugin/xsd/surefire-test-report-3.0.xsd" version="3.0" name="com.example.springboottodo.SpringBootTodoApplicationTests" time="8.917" tests="1" errors="0" skipped="0" failures="0">
  <properties>
[...]
</properties>
  <testcase name="contextLoads" classname="com.example.springboottodo.SpringBootTodoApplicationTests" time="0.661">
    <system-out><![CDATA[19:15:20.580 [main] INFO org.springframework.test.context.support.AnnotationConfigContextLoaderUtils -- Could not detect default configuration classes for test class [com.example.springboottodo.SpringBootTodoApplicationTests]: SpringBootTodoApplicationTests does not declare any static, non-private, non-final, nested classes annotated with @Configuration.
19:15:20.732 [main] INFO org.springframework.boot.test.context.SpringBootTestContextBootstrapper -- Found @SpringBootConfiguration com.example.springboottodo.SpringBootTodoApplication for test class com.example.springboottodo.SpringBootTodoApplicationTests

  .   ____          _            __ _ _
 /\\ / ___'_ __ _ _(_)_ __  __ _ \ \ \ \
( ( )\___ | '_ | '_| | '_ \/ _` | \ \ \ \
 \\/  ___)| |_)| | | | | || (_| |  ) ) ) )
  '  |____| .__|_| |_|_| |_\__, | / / / /
 =========|_|==============|___/=/_/_/_/

 :: Spring Boot ::                (v3.3.4)

2024-09-27T19:15:21.477+03:00  INFO 18124 --- [spring-boot-todo] [           main] c.e.s.SpringBootTodoApplicationTests     : Starting SpringBootTodoApplicationTests using Java 17.0.12 with PID 18124 (started by comp_master_06 in C:\Users\comp_master_06\IdeaProjects\EmailNotificMicro\spring-boot-todo)
2024-09-27T19:15:21.478+03:00  INFO 18124 --- [spring-boot-todo] [           main] c.e.s.SpringBootTodoApplicationTests     : No active profile set, falling back to 1 default profile: "default"
2024-09-27T19:15:22.815+03:00  INFO 18124 --- [spring-boot-todo] [           main] .s.d.r.c.RepositoryConfigurationDelegate : Bootstrapping Spring Data JPA repositories in DEFAULT mode.
2024-09-27T19:15:23.015+03:00  INFO 18124 --- [spring-boot-todo] [           main] .s.d.r.c.RepositoryConfigurationDelegate : Finished Spring Data repository scanning in 188 ms. Found 1 JPA repository interface.
2024-09-27T19:15:23.799+03:00  INFO 18124 --- [spring-boot-todo] [           main] o.hibernate.jpa.internal.util.LogHelper  : HHH000204: Processing PersistenceUnitInfo [name: default]
2024-09-27T19:15:23.959+03:00  INFO 18124 --- [spring-boot-todo] [           main] org.hibernate.Version                    : HHH000412: Hibernate ORM core version 6.5.3.Final
2024-09-27T19:15:24.143+03:00  INFO 18124 --- [spring-boot-todo] [           main] o.h.c.internal.RegionFactoryInitiator    : HHH000026: Second-level cache disabled
2024-09-27T19:15:24.964+03:00  INFO 18124 --- [spring-boot-todo] [           main] o.s.o.j.p.SpringPersistenceUnitInfo      : No LoadTimeWeaver setup: ignoring JPA class transformer
2024-09-27T19:15:25.125+03:00  INFO 18124 --- [spring-boot-todo] [           main] com.zaxxer.hikari.HikariDataSource       : HikariPool-1 - Starting...
2024-09-27T19:15:25.605+03:00  INFO 18124 --- [spring-boot-todo] [           main] com.zaxxer.hikari.pool.HikariPool        : HikariPool-1 - Added connection conn0: url=jdbc:h2:file:./data/demo user=ADMIN
2024-09-27T19:15:25.607+03:00  INFO 18124 --- [spring-boot-todo] [           main] com.zaxxer.hikari.HikariDataSource       : HikariPool-1 - Start completed.
2024-09-27T19:15:25.651+03:00  WARN 18124 --- [spring-boot-todo] [           main] org.hibernate.orm.deprecation            : HHH90000025: H2Dialect does not need to be specified explicitly using 'hibernate.dialect' (remove the property setting and it will be selected by default)
2024-09-27T19:15:27.229+03:00  INFO 18124 --- [spring-boot-todo] [           main] o.h.e.t.j.p.i.JtaPlatformInitiator       : HHH000489: No JTA platform available (set 'hibernate.transaction.jta.platform' to enable JTA platform integration)
2024-09-27T19:15:27.269+03:00  INFO 18124 --- [spring-boot-todo] [           main] j.LocalContainerEntityManagerFactoryBean : Initialized JPA EntityManagerFactory for persistence unit 'default'
2024-09-27T19:15:27.785+03:00  WARN 18124 --- [spring-boot-todo] [           main] JpaBaseConfiguration$JpaWebConfiguration : spring.jpa.open-in-view is enabled by default. Therefore, database queries may be performed during view rendering. Explicitly configure spring.jpa.open-in-view to disable this warning
2024-09-27T19:15:27.819+03:00  INFO 18124 --- [spring-boot-todo] [           main] o.s.b.a.w.s.WelcomePageHandlerMapping    : Adding welcome page template: index
2024-09-27T19:15:28.358+03:00  INFO 18124 --- [spring-boot-todo] [           main] o.s.b.a.h2.H2ConsoleAutoConfiguration    : H2 console available at '/h2-console'. Database available at 'jdbc:h2:file:./data/demo'
2024-09-27T19:15:28.429+03:00  INFO 18124 --- [spring-boot-todo] [           main] c.e.s.SpringBootTodoApplicationTests     : Started SpringBootTodoApplicationTests in 7.332 seconds (process running for 9.057)
]]></system-out>
  </testcase>
</testsuite>